Starting model from scratch
Number of parameters in model: 414723
Starting run:
67295a7945554ae48d329fad1053d9d6
solved 0 tasks out of 500
Epoch 0 completed (0m 59.5s) op_accuracy: 72.65 args_accuracy: 98.30 loss: 537.24 exact_accuracy: 71.65
solved 0 tasks out of 500
Epoch 1 completed (0m 55.2s) op_accuracy: 81.54 args_accuracy: 100.00 loss: 374.71 exact_accuracy: 81.54
solved 0 tasks out of 500
Epoch 2 completed (0m 54.9s) op_accuracy: 87.36 args_accuracy: 100.00 loss: 280.43 exact_accuracy: 87.36
solved 1 tasks out of 500
Epoch 3 completed (0m 55.1s) op_accuracy: 90.97 args_accuracy: 100.00 loss: 214.67 exact_accuracy: 90.97
solved 10 tasks out of 500
Epoch 4 completed (0m 54.7s) op_accuracy: 93.64 args_accuracy: 100.00 loss: 159.63 exact_accuracy: 93.64
solved 6 tasks out of 500
Epoch 5 completed (0m 54.9s) op_accuracy: 95.53 args_accuracy: 100.00 loss: 121.49 exact_accuracy: 95.53
solved 44 tasks out of 500
Epoch 6 completed (0m 55.6s) op_accuracy: 96.64 args_accuracy: 100.00 loss: 95.82 exact_accuracy: 96.64
solved 70 tasks out of 500
Epoch 7 completed (0m 55.1s) op_accuracy: 97.30 args_accuracy: 100.00 loss: 77.20 exact_accuracy: 97.30
solved 116 tasks out of 500
Epoch 8 completed (0m 55.4s) op_accuracy: 97.85 args_accuracy: 100.00 loss: 62.39 exact_accuracy: 97.85
solved 231 tasks out of 500
Epoch 9 completed (0m 55.0s) op_accuracy: 98.19 args_accuracy: 100.00 loss: 54.65 exact_accuracy: 98.19
solved 214 tasks out of 500
Epoch 10 completed (0m 54.3s) op_accuracy: 98.32 args_accuracy: 100.00 loss: 49.60 exact_accuracy: 98.32
solved 280 tasks out of 500
Epoch 11 completed (0m 55.2s) op_accuracy: 98.30 args_accuracy: 100.00 loss: 50.12 exact_accuracy: 98.30
solved 284 tasks out of 500
Epoch 12 completed (0m 54.4s) op_accuracy: 98.73 args_accuracy: 100.00 loss: 39.79 exact_accuracy: 98.73
solved 312 tasks out of 500
Epoch 13 completed (0m 54.0s) op_accuracy: 98.71 args_accuracy: 100.00 loss: 39.81 exact_accuracy: 98.71
solved 309 tasks out of 500
Epoch 14 completed (0m 54.0s) op_accuracy: 98.79 args_accuracy: 100.00 loss: 34.88 exact_accuracy: 98.79
solved 339 tasks out of 500
Epoch 15 completed (0m 54.8s) op_accuracy: 98.88 args_accuracy: 100.00 loss: 34.71 exact_accuracy: 98.88
solved 309 tasks out of 500
Epoch 16 completed (0m 56.6s) op_accuracy: 98.79 args_accuracy: 100.00 loss: 38.23 exact_accuracy: 98.79
solved 351 tasks out of 500
Epoch 17 completed (0m 55.0s) op_accuracy: 99.20 args_accuracy: 100.00 loss: 24.96 exact_accuracy: 99.20
solved 363 tasks out of 500
Epoch 18 completed (0m 54.8s) op_accuracy: 98.99 args_accuracy: 100.00 loss: 30.89 exact_accuracy: 98.99
solved 269 tasks out of 500
Epoch 19 completed (0m 55.5s) op_accuracy: 99.22 args_accuracy: 100.00 loss: 25.01 exact_accuracy: 99.22
solved 384 tasks out of 500
Epoch 20 completed (0m 56.8s) op_accuracy: 99.18 args_accuracy: 100.00 loss: 27.12 exact_accuracy: 99.18
solved 372 tasks out of 500
Epoch 21 completed (0m 55.5s) op_accuracy: 99.26 args_accuracy: 100.00 loss: 24.71 exact_accuracy: 99.26
solved 419 tasks out of 500
Epoch 22 completed (0m 56.0s) op_accuracy: 99.23 args_accuracy: 100.00 loss: 24.40 exact_accuracy: 99.23
solved 343 tasks out of 500
Epoch 23 completed (1m 1.6s) op_accuracy: 99.35 args_accuracy: 100.00 loss: 20.08 exact_accuracy: 99.35
solved 419 tasks out of 500
Epoch 24 completed (0m 57.5s) op_accuracy: 99.12 args_accuracy: 100.00 loss: 29.35 exact_accuracy: 99.12
solved 382 tasks out of 500
Epoch 25 completed (0m 56.7s) op_accuracy: 99.38 args_accuracy: 100.00 loss: 19.92 exact_accuracy: 99.38
solved 414 tasks out of 500
Epoch 26 completed (0m 59.5s) op_accuracy: 99.38 args_accuracy: 100.00 loss: 20.36 exact_accuracy: 99.38
solved 379 tasks out of 500
Epoch 27 completed (1m 3.3s) op_accuracy: 99.36 args_accuracy: 100.00 loss: 23.46 exact_accuracy: 99.36
solved 452 tasks out of 500
Epoch 28 completed (1m 2.1s) op_accuracy: 99.33 args_accuracy: 100.00 loss: 21.24 exact_accuracy: 99.33
solved 423 tasks out of 500
Epoch 29 completed (0m 58.1s) op_accuracy: 99.47 args_accuracy: 100.00 loss: 17.70 exact_accuracy: 99.47
solved 403 tasks out of 500
Epoch 30 completed (1m 1.1s) op_accuracy: 99.30 args_accuracy: 100.00 loss: 24.24 exact_accuracy: 99.30
solved 334 tasks out of 500
Epoch 31 completed (0m 59.2s) op_accuracy: 99.55 args_accuracy: 100.00 loss: 14.58 exact_accuracy: 99.55
solved 333 tasks out of 500
Epoch 32 completed (0m 59.9s) op_accuracy: 99.39 args_accuracy: 100.00 loss: 21.37 exact_accuracy: 99.39
solved 398 tasks out of 500
Epoch 33 completed (1m 2.7s) op_accuracy: 99.51 args_accuracy: 100.00 loss: 16.02 exact_accuracy: 99.51
solved 421 tasks out of 500
Epoch 34 completed (1m 1.2s) op_accuracy: 99.45 args_accuracy: 100.00 loss: 16.97 exact_accuracy: 99.45
solved 331 tasks out of 500
Epoch 35 completed (1m 2.1s) op_accuracy: 99.45 args_accuracy: 100.00 loss: 18.48 exact_accuracy: 99.45
solved 380 tasks out of 500
Epoch 36 completed (0m 58.7s) op_accuracy: 99.51 args_accuracy: 100.00 loss: 17.21 exact_accuracy: 99.51
solved 404 tasks out of 500
Epoch 37 completed (0m 58.1s) op_accuracy: 99.68 args_accuracy: 100.00 loss: 10.69 exact_accuracy: 99.68
solved 348 tasks out of 500
Epoch 38 completed (0m 54.0s) op_accuracy: 99.34 args_accuracy: 100.00 loss: 23.83 exact_accuracy: 99.34
solved 455 tasks out of 500
Epoch 39 completed (0m 54.1s) op_accuracy: 99.61 args_accuracy: 100.00 loss: 15.31 exact_accuracy: 99.61
solved 462 tasks out of 500
Epoch 40 completed (0m 54.2s) op_accuracy: 99.55 args_accuracy: 100.00 loss: 15.56 exact_accuracy: 99.55
solved 452 tasks out of 500
Epoch 41 completed (0m 53.9s) op_accuracy: 99.67 args_accuracy: 100.00 loss: 11.93 exact_accuracy: 99.67
solved 473 tasks out of 500
Epoch 42 completed (0m 53.9s) op_accuracy: 99.59 args_accuracy: 100.00 loss: 15.99 exact_accuracy: 99.59
solved 469 tasks out of 500
Epoch 43 completed (0m 54.0s) op_accuracy: 99.55 args_accuracy: 100.00 loss: 15.55 exact_accuracy: 99.55
solved 311 tasks out of 500
Epoch 44 completed (0m 53.9s) op_accuracy: 99.53 args_accuracy: 100.00 loss: 17.57 exact_accuracy: 99.53
solved 468 tasks out of 500
Epoch 45 completed (0m 53.8s) op_accuracy: 99.83 args_accuracy: 100.00 loss: 5.61 exact_accuracy: 99.83
solved 464 tasks out of 500
Epoch 46 completed (0m 54.6s) op_accuracy: 99.57 args_accuracy: 100.00 loss: 16.64 exact_accuracy: 99.57
solved 477 tasks out of 500
Epoch 47 completed (0m 53.8s) op_accuracy: 99.54 args_accuracy: 100.00 loss: 17.96 exact_accuracy: 99.54
solved 475 tasks out of 500
Epoch 48 completed (0m 53.8s) op_accuracy: 99.66 args_accuracy: 100.00 loss: 12.62 exact_accuracy: 99.66
solved 372 tasks out of 500
Epoch 49 completed (0m 53.6s) op_accuracy: 99.70 args_accuracy: 100.00 loss: 9.55 exact_accuracy: 99.70
